Arguments: 
  /usr/local/bin/node /usr/local/bin/yarn start

PATH: 
  /usr/local/bin:/usr/bin:/bin:/usr/sbin:/sbin:/usr/local/share/dotnet:~/.dotnet/tools:/Library/Apple/usr/bin:/Library/Frameworks/Mono.framework/Versions/Current/Commands

Yarn version: 
  1.21.1

Node version: 
  12.14.0

Platform: 
  darwin x64

Trace: 
  Error: EACCES: permission denied, scandir '/Users/sariq/.config/yarn/link'

npm manifest: 
  {
    "name": "us-dv",
    "version": "1.0.0",
    "description": "",
    "main": "app.js",
    "dependencies": {
      "aws-sdk": "^2.604.0",
      "body-parser": "^1.18.3",
      "cors": "^2.8.4",
      "email-templates": "^6.1.1",
      "errorhandler": "^1.5.0",
      "expo-font": "^8.0.0",
      "express": "^4.16.3",
      "express-jwt": "^5.3.1",
      "express-session": "^1.15.6",
      "jsonwebtoken": "^8.2.2",
      "mongodb": "^3.4.1",
      "mongoose": "^5.1.3",
      "morgan": "^1.9.0",
      "multer": "^1.4.2",
      "nodemailer": "^6.4.2",
      "passport": "^0.4.0",
      "passport-local": "^1.0.0",
      "path": "^0.12.7",
      "randomatic": "^3.1.1",
      "unique-random": "^2.1.0"
    },
    "devDependencies": {
      "nodemon": "^2.0.2"
    },
    "scripts": {
      "test": "echo \"Error: no test specified\" && exit 1",
      "start": "nodemon app.js"
    },
    "engines": {
      "node": "12.x"
    },
    "keywords": [],
    "author": "",
    "license": "ISC"
  }

yarn manifest: 
  No manifest

Lockfile: 
  No lockfile
